c:\users\anass\desktop\ig2\ig2papi\ig2\proyectosogrevc15x86\ig2app\x64\debug\vc142.pdb
c:\users\anass\desktop\ig2\ig2papi\ig2\proyectosogrevc15x86\ig2app\x64\debug\vc142.idb
c:\users\anass\desktop\ig2\ig2papi\ig2\proyectosogrevc15x86\ig2app\x64\debug\ig2app.obj
c:\users\anass\desktop\ig2\ig2papi\ig2\proyectosogrevc15x86\ig2app\x64\debug\ig2main.obj
c:\users\anass\desktop\ig2\ig2papi\ig2\proyectosogrevc15x86\ig2app\x64\debug\ig2applicationcontext.obj
c:\users\anass\desktop\ig2\ig2papi\ig2\proyectosogrevc15x86\ig2app\x64\debug\entidadig.obj
c:\users\forev\onedrive\desktop\ig2papi\ig2\proyectosogrevc15x86\ig2app\x64\debug\vc142.pdb
c:\users\forev\onedrive\desktop\ig2papi\ig2\proyectosogrevc15x86\ig2app\x64\debug\vc142.idb
c:\users\forev\onedrive\desktop\ig2papi\ig2\proyectosogrevc15x86\ig2app\x64\debug\ig2app.obj
c:\users\forev\onedrive\desktop\ig2papi\ig2\proyectosogrevc15x86\ig2app\x64\debug\ig2main.obj
c:\users\forev\onedrive\desktop\ig2papi\ig2\proyectosogrevc15x86\ig2app\x64\debug\ig2applicationcontext.obj
c:\users\forev\onedrive\desktop\ig2papi\ig2\proyectosogrevc15x86\ig2app\x64\debug\entidadig.obj
c:\users\forev\onedrive\desktop\ig2papi\ig2\proyectosogrevc15x86\ig2app\x64\debug\boya.obj
c:\users\anass\desktop\ig2\ig2papi\ig2\proyectosogrevc15x86\bin\ig2appdebug.pdb
c:\users\anass\desktop\ig2\ig2papi\ig2\proyectosogrevc15x86\ig2app\x64\debug\ig2app.tlog\cl.command.1.tlog
c:\users\anass\desktop\ig2\ig2papi\ig2\proyectosogrevc15x86\ig2app\x64\debug\ig2app.tlog\cl.read.1.tlog
c:\users\anass\desktop\ig2\ig2papi\ig2\proyectosogrevc15x86\ig2app\x64\debug\ig2app.tlog\cl.write.1.tlog
c:\users\anass\desktop\ig2\ig2papi\ig2\proyectosogrevc15x86\ig2app\x64\debug\ig2app.tlog\link.command.1.tlog
c:\users\anass\desktop\ig2\ig2papi\ig2\proyectosogrevc15x86\ig2app\x64\debug\ig2app.tlog\link.read.1.tlog
c:\users\anass\desktop\ig2\ig2papi\ig2\proyectosogrevc15x86\ig2app\x64\debug\ig2app.tlog\link.write.1.tlog
