17:08:03: Creating resource group General
17:08:03: Creating resource group OgreInternal
17:08:03: Creating resource group OgreAutodetect
17:08:03: SceneManagerFactory for type 'DefaultSceneManager' registered.
17:08:03: Registering ResourceManager for type Material
17:08:03: Registering ResourceManager for type Mesh
17:08:03: Registering ResourceManager for type Skeleton
17:08:03: MovableObjectFactory for type 'ParticleSystem' registered.
17:08:03: ArchiveFactory for archive type FileSystem registered.
17:08:03: ArchiveFactory for archive type Zip registered.
17:08:03: ArchiveFactory for archive type EmbeddedZip registered.
17:08:03: DDS codec registering
17:08:03: ETC codec registering
17:08:03: Registering ResourceManager for type HighLevelGpuProgram
17:08:03: Registering ResourceManager for type Compositor
17:08:03: MovableObjectFactory for type 'Entity' registered.
17:08:03: MovableObjectFactory for type 'Light' registered.
17:08:03: MovableObjectFactory for type 'BillboardSet' registered.
17:08:03: MovableObjectFactory for type 'ManualObject' registered.
17:08:03: MovableObjectFactory for type 'BillboardChain' registered.
17:08:03: MovableObjectFactory for type 'RibbonTrail' registered.
17:08:03: Loading library C:/Users/forev/OneDrive/Desktop/IG2Papi/IG2/ProyectosOGREvc15x86/bin/.\RenderSystem_GL
17:08:03: Installing plugin: GL RenderSystem
17:08:03: OpenGL Rendering Subsystem created.
17:08:04: Plugin successfully installed
17:08:04: Loading library C:/Users/forev/OneDrive/Desktop/IG2Papi/IG2/ProyectosOGREvc15x86/bin/.\RenderSystem_GL3Plus
17:08:04: Installing plugin: GL 3+ RenderSystem
17:08:04: OpenGL 3+ Rendering Subsystem created.
17:08:04: Plugin successfully installed
17:08:04: Loading library C:/Users/forev/OneDrive/Desktop/IG2Papi/IG2/ProyectosOGREvc15x86/bin/.\Plugin_ParticleFX
17:08:04: Installing plugin: ParticleFX
17:08:04: Particle Emitter Type 'Point' registered
17:08:04: Particle Emitter Type 'Box' registered
17:08:04: Particle Emitter Type 'Ellipsoid' registered
17:08:04: Particle Emitter Type 'Cylinder' registered
17:08:04: Particle Emitter Type 'Ring' registered
17:08:04: Particle Emitter Type 'HollowEllipsoid' registered
17:08:04: Particle Affector Type 'LinearForce' registered
17:08:04: Particle Affector Type 'ColourFader' registered
17:08:04: Particle Affector Type 'ColourFader2' registered
17:08:04: Particle Affector Type 'ColourImage' registered
17:08:04: Particle Affector Type 'ColourInterpolator' registered
17:08:04: Particle Affector Type 'Scaler' registered
17:08:04: Particle Affector Type 'Rotator' registered
17:08:04: Particle Affector Type 'DirectionRandomiser' registered
17:08:04: Particle Affector Type 'DeflectorPlane' registered
17:08:04: Plugin successfully installed
17:08:04: Loading library C:/Users/forev/OneDrive/Desktop/IG2Papi/IG2/ProyectosOGREvc15x86/bin/.\Plugin_BSPSceneManager
17:08:04: Installing plugin: BSP Scene Manager
17:08:04: Plugin successfully installed
17:08:04: Loading library C:/Users/forev/OneDrive/Desktop/IG2Papi/IG2/ProyectosOGREvc15x86/bin/.\Codec_STBI
17:08:04: stb_image - v2.19 - public domain JPEG/PNG reader
17:08:04: Supported formats: jpeg,jpg,png,bmp,psd,tga,gif,pic,ppm,pgm,hdr
17:08:04: Loading library C:/Users/forev/OneDrive/Desktop/IG2Papi/IG2/ProyectosOGREvc15x86/bin/.\Plugin_PCZSceneManager
17:08:04: Installing plugin: Portal Connected Zone Scene Manager
17:08:04: PCZone Factory Type 'ZoneType_Default' registered
17:08:04: Plugin successfully installed
17:08:04: Loading library C:/Users/forev/OneDrive/Desktop/IG2Papi/IG2/ProyectosOGREvc15x86/bin/.\Plugin_OctreeZone
17:08:04: Installing plugin: Octree Zone Factory
17:08:04: Plugin successfully installed
17:08:04: Loading library C:/Users/forev/OneDrive/Desktop/IG2Papi/IG2/ProyectosOGREvc15x86/bin/.\Plugin_OctreeSceneManager
17:08:04: Installing plugin: Octree Scene Manager
17:08:04: Plugin successfully installed
17:08:04: *-*-* OGRE Initialising
17:08:04: *-*-* Version 1.11.2 (Rhagorthua)
17:08:04: OverlayElementFactory for type Panel registered.
17:08:04: OverlayElementFactory for type BorderPanel registered.
17:08:04: OverlayElementFactory for type TextArea registered.
17:08:04: Registering ResourceManager for type Font
17:08:04: CPU Identifier & Features
17:08:04: -------------------------
17:08:04:  *   CPU ID: GenuineIntel: Intel(R) Core(TM) i7-8550U CPU @ 1.80GHz
17:08:04:  *          SSE: yes
17:08:04:  *         SSE2: yes
17:08:04:  *         SSE3: yes
17:08:04:  *        SSE41: yes
17:08:04:  *        SSE42: yes
17:08:04:  *          MMX: yes
17:08:04:  *       MMXEXT: yes
17:08:04:  *        3DNOW: no
17:08:04:  *     3DNOWEXT: no
17:08:04:  *         CMOV: yes
17:08:04:  *          TSC: yes
17:08:04:  *INVARIANT TSC: yes
17:08:04:  *          FPU: yes
17:08:04:  *          PRO: yes
17:08:04:  *           HT: no
17:08:04: -------------------------
17:08:04: *** Starting Win32GL Subsystem ***
17:08:04: Registering ResourceManager for type Texture
17:08:04: GLRenderSystem::_createRenderWindow "IG2App", 1024x768 windowed  miscParams: FSAA=0 externalWindowHandle=198300 gamma=No vsync=Yes 
17:08:04: Supported WGL extensions: WGL_EXT_depth_float WGL_ARB_buffer_region WGL_ARB_extensions_string WGL_ARB_make_current_read WGL_ARB_pixel_format WGL_ARB_pbuffer WGL_EXT_extensions_string WGL_EXT_swap_control WGL_ARB_multisample WGL_ARB_pixel_format_float WGL_ARB_framebuffer_sRGB WGL_ARB_create_context WGL_ARB_create_context_profile WGL_EXT_pixel_format_packed_float WGL_EXT_create_context_es_profile WGL_EXT_create_context_es2_profile WGL_NV_DX_interop WGL_NV_DX_interop2 WGL_ARB_robustness_application_isolation WGL_ARB_robustness_share_group_isolation WGL_ARB_create_context_robustness WGL_ARB_context_flush_control 
17:08:04: GL_VERSION = 4.6.0 - Build 27.20.100.8682
17:08:04: GL_VENDOR = Intel
17:08:04: GL_RENDERER = Intel(R) UHD Graphics 620
17:08:04: GL_EXTENSIONS = GL_3DFX_texture_compression_FXT1 GL_AMD_depth_clamp_separate GL_AMD_vertex_shader_layer GL_AMD_vertex_shader_viewport_index GL_ARB_ES2_compatibility GL_ARB_ES3_1_compatibility GL_ARB_ES3_compatibility GL_ARB_arrays_of_arrays GL_ARB_base_instance GL_ARB_bindless_texture GL_ARB_blend_func_extended GL_ARB_buffer_storage GL_ARB_cl_event GL_ARB_clear_buffer_object GL_ARB_clear_texture GL_ARB_clip_control GL_ARB_color_buffer_float GL_ARB_compatibility GL_ARB_compressed_texture_pixel_storage GL_ARB_compute_shader GL_ARB_conditional_render_inverted GL_ARB_conservative_depth GL_ARB_copy_buffer GL_ARB_copy_image GL_ARB_cull_distance GL_ARB_debug_output GL_ARB_depth_buffer_float GL_ARB_depth_clamp GL_ARB_depth_texture GL_ARB_derivative_control GL_ARB_direct_state_access GL_ARB_draw_buffers GL_ARB_draw_buffers_blend GL_ARB_draw_elements_base_vertex GL_ARB_draw_indirect GL_ARB_draw_instanced GL_ARB_enhanced_layouts GL_ARB_explicit_attrib_location GL_ARB_explicit_uniform_location GL_ARB_fragment_coord_conventions GL_ARB_fragment_layer_viewport GL_ARB_fragment_program GL_ARB_fragment_program_shadow GL_ARB_fragment_shader GL_ARB_fragment_shader_interlock GL_ARB_framebuffer_no_attachments GL_ARB_framebuffer_object GL_ARB_framebuffer_sRGB GL_ARB_geometry_shader4 GL_ARB_get_program_binary GL_ARB_get_texture_sub_image GL_ARB_gl_spirv GL_ARB_gpu_shader5 GL_ARB_gpu_shader_fp64 GL_ARB_half_float_pixel GL_ARB_half_float_vertex GL_ARB_indirect_parameters GL_ARB_instanced_arrays GL_ARB_internalformat_query GL_ARB_internalformat_query2 GL_ARB_invalidate_subdata GL_ARB_map_buffer_alignment GL_ARB_map_buffer_range GL_ARB_multi_bind GL_ARB_multi_draw_indirect GL_ARB_multisample GL_ARB_multitexture GL_ARB_occlusion_query GL_ARB_occlusion_query2 GL_ARB_pipeline_statistics_query GL_ARB_pixel_buffer_object GL_ARB_point_parameters GL_ARB_point_sprite GL_ARB_polygon_offset_clamp GL_ARB_post_depth_coverage GL_ARB_program_interface_query GL_ARB_provoking_vertex GL_ARB_query_buffer_object GL_ARB_robust_buffer_access_behavior GL_ARB_robustness GL_ARB_robustness_isolation GL_ARB_sample_shading GL_ARB_sampler_objects GL_ARB_seamless_cube_map GL_ARB_seamless_cubemap_per_texture GL_ARB_separate_shader_objects GL_ARB_shader_atomic_counter_ops GL_ARB_shader_atomic_counters GL_ARB_shader_bit_encoding GL_ARB_shader_draw_parameters GL_ARB_shader_group_vote GL_ARB_shader_image_load_store GL_ARB_shader_image_size GL_ARB_shader_objects GL_ARB_shader_precision GL_ARB_shader_stencil_export GL_ARB_shader_storage_buffer_object GL_ARB_shader_subroutine GL_ARB_shader_texture_image_samples GL_ARB_shading_language_100 GL_ARB_shading_language_420pack GL_ARB_shading_language_packing GL_ARB_shadow GL_ARB_spirv_extensions GL_ARB_stencil_texturing GL_ARB_sync GL_ARB_tessellation_shader GL_ARB_texture_barrier GL_ARB_texture_border_clamp GL_ARB_texture_buffer_object GL_ARB_texture_buffer_object_rgb32 GL_ARB_texture_buffer_range GL_ARB_texture_compression GL_ARB_texture_compression_bptc GL_ARB_texture_compression_rgtc GL_ARB_texture_cube_map GL_ARB_texture_cube_map_array GL_ARB_texture_env_add GL_ARB_texture_env_combine GL_ARB_texture_env_crossbar GL_ARB_texture_env_dot3 GL_ARB_texture_filter_anisotropic GL_ARB_texture_float GL_ARB_texture_gather GL_ARB_texture_mirror_clamp_to_edge GL_ARB_texture_mirrored_repeat GL_ARB_texture_multisample GL_ARB_texture_non_power_of_two GL_ARB_texture_query_levels GL_ARB_texture_query_lod GL_ARB_texture_rectangle GL_ARB_texture_rg GL_ARB_texture_rgb10_a2ui GL_ARB_texture_stencil8 GL_ARB_texture_storage GL_ARB_texture_storage_multisample GL_ARB_texture_swizzle GL_ARB_texture_view GL_ARB_timer_query GL_ARB_transform_feedback2 GL_ARB_transform_feedback3 GL_ARB_transform_feedback_instanced GL_ARB_transform_feedback_overflow_query GL_ARB_transpose_matrix GL_ARB_uniform_buffer_object GL_ARB_vertex_array_bgra GL_ARB_vertex_array_object GL_ARB_vertex_attrib_64bit GL_ARB_vertex_attrib_binding GL_ARB_vertex_buffer_object GL_ARB_vertex_program GL_ARB_vertex_shader GL_ARB_vertex_type_10f_11f_11f_rev GL_ARB_vertex_type_2_10_10_10_rev GL_ARB_viewport_array GL_ARB_window_pos GL_ATI_separate_stencil GL_EXT_abgr GL_EXT_bgra GL_EXT_blend_color GL_EXT_blend_equation_separate GL_EXT_blend_func_separate GL_EXT_blend_minmax GL_EXT_blend_subtract GL_EXT_clip_volume_hint GL_EXT_compiled_vertex_array GL_EXT_direct_state_access GL_EXT_draw_buffers2 GL_EXT_draw_range_elements GL_EXT_fog_coord GL_EXT_framebuffer_blit GL_EXT_framebuffer_multisample GL_EXT_framebuffer_object GL_EXT_geometry_shader4 GL_EXT_gpu_program_parameters GL_EXT_gpu_shader4 GL_EXT_multi_draw_arrays GL_EXT_packed_depth_stencil GL_EXT_packed_float GL_EXT_packed_pixels GL_EXT_polygon_offset_clamp GL_EXT_rescale_normal GL_EXT_secondary_color GL_EXT_separate_specular_color GL_EXT_shader_framebuffer_fetch GL_EXT_shader_integer_mix GL_EXT_shadow_funcs GL_EXT_stencil_two_side GL_EXT_stencil_wrap GL_EXT_texture3D GL_EXT_texture_array GL_EXT_texture_compression_s3tc GL_EXT_texture_edge_clamp GL_EXT_texture_env_add GL_EXT_texture_env_combine GL_EXT_texture_filter_anisotropic GL_EXT_texture_integer GL_EXT_texture_lod_bias GL_EXT_texture_rectangle GL_EXT_texture_sRGB GL_EXT_texture_sRGB_decode GL_EXT_texture_shared_exponent GL_EXT_texture_snorm GL_EXT_texture_storage GL_EXT_texture_swizzle GL_EXT_timer_query GL_EXT_transform_feedback GL_IBM_texture_mirrored_repeat GL_INTEL_conservative_rasterization GL_INTEL_fragment_shader_ordering GL_INTEL_framebuffer_CMAA GL_INTEL_map_texture GL_INTEL_multi_rate_fragment_shader GL_INTEL_performance_query GL_KHR_blend_equation_advanced GL_KHR_blend_equation_advanced_coherent GL_KHR_context_flush_control GL_KHR_debug GL_KHR_no_error GL_KHR_texture_compression_astc_hdr GL_KHR_texture_compression_astc_ldr GL_NV_blend_square GL_NV_conditional_render GL_NV_primitive_restart GL_NV_texgen_reflection GL_SGIS_generate_mipmap GL_SGIS_texture_edge_clamp GL_SGIS_texture_lod GL_SUN_multi_draw_arrays GL_WIN_swap_hint WGL_EXT_swap_control
17:08:04: ***************************
17:08:04: *** GL Renderer Started ***
17:08:04: ***************************
17:08:04: Registering ResourceManager for type GpuProgram
17:08:04: GLSL support detected
17:08:04: GL: Using GL_EXT_framebuffer_object for rendering to textures (best)
17:08:04: FBO PF_UNKNOWN depth/stencil support: D0S1 D0S4 D0S8 D0S16 D16S0 D16S1 D16S4 D16S8 D16S16 D24S0 D24S1 D24S4 D24S8 D24S16 D32S0 D32S1 D32S4 D32S8 D32S16 Packed-D24S8 
17:08:04: FBO PF_A8 depth/stencil support: D0S0 D0S1 D0S4 D0S8 D0S16 D16S0 D16S1 D16S4 D16S8 D16S16 D24S0 D24S1 D24S4 D24S8 D24S16 D32S0 D32S1 D32S4 D32S8 D32S16 Packed-D24S8 
17:08:04: FBO PF_R5G6B5 depth/stencil support: D0S0 D0S1 D0S4 D0S8 D0S16 D16S0 D16S1 D16S4 D16S8 D16S16 D24S0 D24S1 D24S4 D24S8 D24S16 D32S0 D32S1 D32S4 D32S8 D32S16 Packed-D24S8 
17:08:04: FBO PF_B5G6R5 depth/stencil support: D0S0 D0S1 D0S4 D0S8 D0S16 D16S0 D16S1 D16S4 D16S8 D16S16 D24S0 D24S1 D24S4 D24S8 D24S16 D32S0 D32S1 D32S4 D32S8 D32S16 Packed-D24S8 
17:08:04: FBO PF_A4R4G4B4 depth/stencil support: D0S0 D0S1 D0S4 D0S8 D0S16 D16S0 D16S1 D16S4 D16S8 D16S16 D24S0 D24S1 D24S4 D24S8 D24S16 D32S0 D32S1 D32S4 D32S8 D32S16 Packed-D24S8 
17:08:04: FBO PF_A1R5G5B5 depth/stencil support: D0S0 D0S1 D0S4 D0S8 D0S16 D16S0 D16S1 D16S4 D16S8 D16S16 D24S0 D24S1 D24S4 D24S8 D24S16 D32S0 D32S1 D32S4 D32S8 D32S16 Packed-D24S8 
17:08:04: FBO PF_R8G8B8 depth/stencil support: D0S0 D0S1 D0S4 D0S8 D0S16 D16S0 D16S1 D16S4 D16S8 D16S16 D24S0 D24S1 D24S4 D24S8 D24S16 D32S0 D32S1 D32S4 D32S8 D32S16 Packed-D24S8 
17:08:04: FBO PF_B8G8R8 depth/stencil support: D0S0 D0S1 D0S4 D0S8 D0S16 D16S0 D16S1 D16S4 D16S8 D16S16 D24S0 D24S1 D24S4 D24S8 D24S16 D32S0 D32S1 D32S4 D32S8 D32S16 Packed-D24S8 
17:08:04: FBO PF_A8R8G8B8 depth/stencil support: D0S0 D0S1 D0S4 D0S8 D0S16 D16S0 D16S1 D16S4 D16S8 D16S16 D24S0 D24S1 D24S4 D24S8 D24S16 D32S0 D32S1 D32S4 D32S8 D32S16 Packed-D24S8 
17:08:04: FBO PF_A8B8G8R8 depth/stencil support: D0S0 D0S1 D0S4 D0S8 D0S16 D16S0 D16S1 D16S4 D16S8 D16S16 D24S0 D24S1 D24S4 D24S8 D24S16 D32S0 D32S1 D32S4 D32S8 D32S16 Packed-D24S8 
17:08:04: FBO PF_B8G8R8A8 depth/stencil support: D0S0 D0S1 D0S4 D0S8 D0S16 D16S0 D16S1 D16S4 D16S8 D16S16 D24S0 D24S1 D24S4 D24S8 D24S16 D32S0 D32S1 D32S4 D32S8 D32S16 Packed-D24S8 
17:08:04: FBO PF_FLOAT16_RGB depth/stencil support: D0S0 D0S1 D0S4 D0S8 D0S16 D16S0 D16S1 D16S4 D16S8 D16S16 D24S0 D24S1 D24S4 D24S8 D24S16 D32S0 D32S1 D32S4 D32S8 D32S16 Packed-D24S8 
17:08:04: FBO PF_FLOAT16_RGBA depth/stencil support: D0S0 D0S1 D0S4 D0S8 D0S16 D16S0 D16S1 D16S4 D16S8 D16S16 D24S0 D24S1 D24S4 D24S8 D24S16 D32S0 D32S1 D32S4 D32S8 D32S16 Packed-D24S8 
17:08:04: FBO PF_FLOAT32_RGB depth/stencil support: D0S0 D0S1 D0S4 D0S8 D0S16 D16S0 D16S1 D16S4 D16S8 D16S16 D24S0 D24S1 D24S4 D24S8 D24S16 D32S0 D32S1 D32S4 D32S8 D32S16 Packed-D24S8 
17:08:04: FBO PF_FLOAT32_RGBA depth/stencil support: D0S0 D0S1 D0S4 D0S8 D0S16 D16S0 D16S1 D16S4 D16S8 D16S16 D24S0 D24S1 D24S4 D24S8 D24S16 D32S0 D32S1 D32S4 D32S8 D32S16 Packed-D24S8 
17:08:04: FBO PF_X8R8G8B8 depth/stencil support: D0S0 D0S1 D0S4 D0S8 D0S16 D16S0 D16S1 D16S4 D16S8 D16S16 D24S0 D24S1 D24S4 D24S8 D24S16 D32S0 D32S1 D32S4 D32S8 D32S16 Packed-D24S8 
17:08:04: FBO PF_X8B8G8R8 depth/stencil support: D0S0 D0S1 D0S4 D0S8 D0S16 D16S0 D16S1 D16S4 D16S8 D16S16 D24S0 D24S1 D24S4 D24S8 D24S16 D32S0 D32S1 D32S4 D32S8 D32S16 Packed-D24S8 
17:08:04: FBO PF_R8G8B8A8 depth/stencil support: D0S0 D0S1 D0S4 D0S8 D0S16 D16S0 D16S1 D16S4 D16S8 D16S16 D24S0 D24S1 D24S4 D24S8 D24S16 D32S0 D32S1 D32S4 D32S8 D32S16 Packed-D24S8 
17:08:04: FBO PF_SHORT_RGBA depth/stencil support: D0S0 D0S1 D0S4 D0S8 D0S16 D16S0 D16S1 D16S4 D16S8 D16S16 D24S0 D24S1 D24S4 D24S8 D24S16 D32S0 D32S1 D32S4 D32S8 D32S16 Packed-D24S8 
17:08:04: FBO PF_R3G3B2 depth/stencil support: D0S0 D0S1 D0S4 D0S8 D0S16 D16S0 D16S1 D16S4 D16S8 D16S16 D24S0 D24S1 D24S4 D24S8 D24S16 D32S0 D32S1 D32S4 D32S8 D32S16 Packed-D24S8 
17:08:04: FBO PF_SHORT_RGB depth/stencil support: D0S0 D0S1 D0S4 D0S8 D0S16 D16S0 D16S1 D16S4 D16S8 D16S16 D24S0 D24S1 D24S4 D24S8 D24S16 D32S0 D32S1 D32S4 D32S8 D32S16 Packed-D24S8 
17:08:04: [GL] : Valid FBO targets PF_UNKNOWN PF_A8 PF_R5G6B5 PF_B5G6R5 PF_A4R4G4B4 PF_A1R5G5B5 PF_R8G8B8 PF_B8G8R8 PF_A8R8G8B8 PF_A8B8G8R8 PF_B8G8R8A8 PF_FLOAT16_RGB PF_FLOAT16_RGBA PF_FLOAT32_RGB PF_FLOAT32_RGBA PF_X8R8G8B8 PF_X8B8G8R8 PF_R8G8B8A8 PF_SHORT_RGBA PF_R3G3B2 PF_SHORT_RGB 
17:08:04: RenderSystem capabilities
17:08:04: -------------------------
17:08:04: RenderSystem Name: OpenGL Rendering Subsystem
17:08:04: GPU Vendor: intel
17:08:04: Device Name: Intel(R) UHD Graphics 620
17:08:04: Driver Version: 4.6.0.0
17:08:04:  * Fixed function pipeline: yes
17:08:04:  * Anisotropic texture filtering: yes
17:08:04:  * Cube mapping: yes
17:08:04:  * Hardware stencil buffer: yes
17:08:04:    - Stencil depth: 8
17:08:04:    - Two sided stencil support: yes
17:08:04:    - Wrap stencil values: yes
17:08:04:  * 32-bit index buffers: yes
17:08:04:  * Vertex programs: yes
17:08:04:  * Number of floating-point constants for vertex programs: 256
17:08:04:  * Number of integer constants for vertex programs: 0
17:08:04:  * Number of boolean constants for vertex programs: 0
17:08:04:  * Fragment programs: yes
17:08:04:  * Number of floating-point constants for fragment programs: 256
17:08:04:  * Number of integer constants for fragment programs: 0
17:08:04:  * Number of boolean constants for fragment programs: 0
17:08:04:  * Geometry programs: yes
17:08:04:  * Number of floating-point constants for geometry programs: 4096
17:08:04:  * Number of integer constants for geometry programs: 0
17:08:04:  * Number of boolean constants for geometry programs: 0
17:08:04:  * Tessellation Hull programs: no
17:08:04:  * Number of floating-point constants for tessellation hull programs: 0
17:08:04:  * Number of integer constants for tessellation hull programs: 0
17:08:04:  * Number of boolean constants for tessellation hull programs: 0
17:08:04:  * Tessellation Domain programs: no
17:08:04:  * Number of floating-point constants for tessellation domain programs: 0
17:08:04:  * Number of integer constants for tessellation domain programs: 0
17:08:04:  * Number of boolean constants for tessellation domain programs: 0
17:08:04:  * Compute programs: no
17:08:04:  * Number of floating-point constants for compute programs: 0
17:08:04:  * Number of integer constants for compute programs: 0
17:08:04:  * Number of boolean constants for compute programs: 0
17:08:04:  * Supported Shader Profiles: arbfp1 arbvp1 glsl glsl100 glsl110 glsl120
17:08:04:  * Texture Compression: yes
17:08:04:    - DXT: yes
17:08:04:    - VTC: no
17:08:04:    - PVRTC: no
17:08:04:    - ATC: no
17:08:04:    - ETC1: no
17:08:04:    - ETC2: no
17:08:04:    - BC4/BC5: no
17:08:04:    - BC6H/BC7: no
17:08:04:    - ASTC: no
17:08:04:    - Mipmaps for compressed formats: yes
17:08:04:  * Hardware Occlusion Query: yes
17:08:04:  * User clip planes: yes
17:08:04:  * VET_UBYTE4 vertex element type: yes
17:08:04:  * Infinite far plane projection: yes
17:08:04:  * Hardware render-to-texture: yes
17:08:04:  * Floating point textures: yes
17:08:04:  * Non-power-of-two textures: yes
17:08:04:  * 1d textures: yes
17:08:04:  * Volume textures: yes
17:08:04:  * Multiple Render Targets: 8
17:08:04:    - With different bit depths: yes
17:08:04:  * Point Sprites: yes
17:08:04:  * Wide Lines: yes
17:08:04:  * Hardware Gamma: yes
17:08:04:  * Extended point parameters: yes
17:08:04:  * Max Point Size: 255
17:08:04:  * Vertex texture fetch: yes
17:08:04:  * Number of texture units: 16
17:08:04:  * Number of vertex attributes: 16
17:08:04:  * Stencil buffer depth: 8
17:08:04:  * Number of vertex blend matrices: 0
17:08:04:    - Max vertex textures: 32
17:08:04:    - Vertex textures shared: yes
17:08:04:  * Render to Vertex Buffer : no
17:08:04:  * Hardware Atomic Counters: no
17:08:04:  * PBuffer support: yes
17:08:04:  * Vertex Array Objects: no
17:08:04:  * Separate shader objects: no
17:08:04:  * GLSL SSO redeclare interface block: no
17:08:04:  * Debugging/ profiling events: no
17:08:04:  * Map buffer storage: yes
17:08:04: DefaultWorkQueue('Root') initialising on thread 4444.
17:08:04: DefaultWorkQueue('Root')::WorkerFunc - thread 1508 starting.
17:08:04: DefaultWorkQueue('Root')::WorkerFunc - thread 22460 starting.
17:08:04: DefaultWorkQueue('Root')::WorkerFunc - thread 19616 starting.
17:08:04: DefaultWorkQueue('Root')::WorkerFunc - thread 24384 starting.
17:08:04: DefaultWorkQueue('Root')::WorkerFunc - thread 7380 starting.
17:08:04: DefaultWorkQueue('Root')::WorkerFunc - thread 14924 starting.
17:08:04: DefaultWorkQueue('Root')::WorkerFunc - thread 26440 starting.
17:08:04: DefaultWorkQueue('Root')::WorkerFunc - thread 8444 starting.
17:08:04: Particle Renderer Type 'billboard' registered
17:08:04: SceneManagerFactory for type 'BspSceneManager' registered.
17:08:04: Registering SceneLoader Q3BSP
17:08:04: SceneManagerFactory for type 'PCZSceneManager' registered.
17:08:04: MovableObjectFactory for type 'PCZLight' registered.
17:08:04: MovableObjectFactory for type 'Portal' registered.
17:08:04: MovableObjectFactory for type 'AntiPortal' registered.
17:08:04: PCZone Factory Type 'ZoneType_Octree' registered
17:08:04: SceneManagerFactory for type 'OctreeSceneManager' registered.
17:08:04: Creating resource group Essential
17:08:04: Added resource location '../Media/thumbnails' of type 'FileSystem' to resource group 'Essential'
17:08:04: Added resource location '../Media/packs/SdkTrays.zip' of type 'Zip' to resource group 'Essential'
17:08:04: Added resource location '../Media/packs/profiler.zip' of type 'Zip' to resource group 'Essential'
17:08:04: Added resource location '../Media' of type 'FileSystem' to resource group 'General'
17:08:04: Added resource location '../Media/fonts' of type 'FileSystem' to resource group 'General'
17:08:04: Added resource location '../Media/materials/programs' of type 'FileSystem' to resource group 'General'
17:08:04: Added resource location '../Media/IG2App' of type 'FileSystem' to resource group 'General'
17:08:04: Added resource location '../Media/materials/scripts' of type 'FileSystem' to resource group 'General'
17:08:04: Added resource location '../Media/materials/textures' of type 'FileSystem' to resource group 'General'
17:08:04: Added resource location '../Media/materials/textures/nvidia' of type 'FileSystem' to resource group 'General'
17:08:04: Added resource location '../Media/particle' of type 'FileSystem' to resource group 'General'
17:08:04: Added resource location '../Media/materials/scripts/SSAO' of type 'FileSystem' to resource group 'General'
17:08:04: Added resource location '../Media/materials/textures/SSAO' of type 'FileSystem' to resource group 'General'
17:08:04: Added resource location '../Media/packs/ogredance.zip' of type 'Zip' to resource group 'General'
17:08:04: Added resource location '../Media/packs/Sinbad.zip' of type 'Zip' to resource group 'General'
17:08:05: Added resource location '../Media/packs/Damagedhelmet.zip' of type 'Zip' to resource group 'General'
17:08:05: Added resource location '../Media/packs/fresneldemo.zip' of type 'Zip' to resource group 'General'
17:08:05: Added resource location '../Media/materials/programs/GLSL120' of type 'FileSystem' to resource group 'General'
17:08:05: Added resource location '../Media/materials/programs/GLSL' of type 'FileSystem' to resource group 'General'
17:08:05: Added resource location '../Media/RTShaderLib/materials' of type 'FileSystem' to resource group 'General'
17:08:05: Added resource location '../Media/RTShaderLib/GLSL' of type 'FileSystem' to resource group 'General'
17:08:05: Parsing scripts for resource group Essential
17:08:05: Parsing script SdkTrays.material
17:08:05: Parsing script OgreProfiler.material
17:08:05: Parsing script SdkTrays.fontdef
17:08:05: Parsing script SdkTrays.overlay
17:08:05: Texture: sdk_cursor.png: Loading 1 faces(PF_A8B8G8R8,32x32x1) with 5 hardware generated mipmaps from Image. Internal format is PF_A8B8G8R8,32x32x1.
17:08:05: Texture: sdk_tray.png: Loading 1 faces(PF_A8B8G8R8,64x64x1) with 6 hardware generated mipmaps from Image. Internal format is PF_A8B8G8R8,64x64x1.
17:08:05: Texture: sdk_button_up.png: Loading 1 faces(PF_A8B8G8R8,128x32x1) with 7 hardware generated mipmaps from Image. Internal format is PF_A8B8G8R8,128x32x1.
17:08:05: Texture: sdk_text_box.png: Loading 1 faces(PF_A8B8G8R8,32x32x1) with 5 hardware generated mipmaps from Image. Internal format is PF_A8B8G8R8,32x32x1.
17:08:05: Texture: sdk_mini_tray.png: Loading 1 faces(PF_A8B8G8R8,32x32x1) with 5 hardware generated mipmaps from Image. Internal format is PF_A8B8G8R8,32x32x1.
17:08:05: Texture: sdk_track.png: Loading 1 faces(PF_A8B8G8R8,16x32x1) with 5 hardware generated mipmaps from Image. Internal format is PF_A8B8G8R8,16x32x1.
17:08:05: Texture: sdk_handle.png: Loading 1 faces(PF_A8B8G8R8,16x16x1) with 4 hardware generated mipmaps from Image. Internal format is PF_A8B8G8R8,16x16x1.
17:08:05: Texture: sdk_mini_text_box.png: Loading 1 faces(PF_A8B8G8R8,32x32x1) with 5 hardware generated mipmaps from Image. Internal format is PF_A8B8G8R8,32x32x1.
17:08:05: Texture: sdk_label.png: Loading 1 faces(PF_A8B8G8R8,32x32x1) with 5 hardware generated mipmaps from Image. Internal format is PF_A8B8G8R8,32x32x1.
17:08:05: Texture: sdk_separator.png: Loading 1 faces(PF_A8B8G8R8,64x16x1) with 6 hardware generated mipmaps from Image. Internal format is PF_A8B8G8R8,64x16x1.
17:08:05: Texture: sdk_logo.png: Loading 1 faces(PF_A8B8G8R8,128x64x1) with 7 hardware generated mipmaps from Image. Internal format is PF_A8B8G8R8,128x64x1.
17:08:05: Texture: sdk_shade.png: Loading 1 faces(PF_A8B8G8R8,64x48x1) with 6 hardware generated mipmaps from Image. Internal format is PF_A8B8G8R8,64x48x1.
17:08:05: Texture: sdk_frame.png: Loading 1 faces(PF_A8B8G8R8,32x32x1) with 5 hardware generated mipmaps from Image. Internal format is PF_A8B8G8R8,32x32x1.
17:08:05: Texture: sdk_mini_text_box_over.png: Loading 1 faces(PF_A8B8G8R8,32x32x1) with 5 hardware generated mipmaps from Image. Internal format is PF_A8B8G8R8,32x32x1.
17:08:05: Texture: sdk_pulse.png: Loading 1 faces(PF_B8G8R8,8x1x1) with 3 hardware generated mipmaps from Image. Internal format is PF_B8G8R8,8x1x1.
17:08:05: Finished parsing scripts for resource group Essential
17:08:05: Creating resources for group Essential
17:08:05: All done
17:08:05: Parsing scripts for resource group General
17:08:05: Parsing script DualQuaternion.program
17:08:05: Parsing script Examples.program
17:08:05: Ogre::InvalidParametersException::InvalidParametersException: Parameter called diffuse does not exist.  in GpuProgramParameters::_findNamedConstantDefinition at d:\fdi\ig2_18_19\ogre-master\ogremain\src\ogregpuprogramparams.cpp (line 2210)
17:08:05: Error: ScriptCompiler - invalid parameters in Examples.program(311): setting of constant failed
17:08:05: Parsing script Instancing.program
17:08:05: 'shadows.glsl' WARNING: 0:31: '' :  #version directive missing


17:08:05: 'Instancing.frag' WARNING: 0:6: '' :  #version directive missing


17:08:05: Parsing script StdQuad_vp.program
17:08:05: 'StdQuad_vp.glsl' WARNING: 0:1: '' :  #version directive missing


17:08:05: 'StdQuad_Tex2_vp.glsl' WARNING: 0:1: '' :  #version directive missing


17:08:05: 'StdQuad_Tex2a_vp.glsl' WARNING: 0:1: '' :  #version directive missing


17:08:05: 'StdQuad_Tex3_vp.glsl' WARNING: 0:1: '' :  #version directive missing


17:08:05: 'StdQuad_Tex4_vp.glsl' WARNING: 0:1: '' :  #version directive missing


17:08:05: Parsing script GBuffer.program
17:08:05: Parsing script AdaptivePNTrianglesTessellation.material
17:08:05: Parsing script ASCII.material
17:08:05: Parsing script AtomicCounters.material
17:08:05: Parsing script BlackAndWhite.material
17:08:05: Parsing script Bloom2.material
17:08:05: 'Blur_vs.glsl' WARNING: 0:1: '' :  #version directive missing


17:08:05: 'Bloom2_ps20.glsl' WARNING: 0:9: '' :  #version directive missing


17:08:05: 'BrightBloom2_ps20.glsl' WARNING: 0:12: '' :  #version directive missing


17:08:05: Parsing script CompositorDemo.material
17:08:05: Parsing script Compute.material
17:08:05: Parsing script DamagedHelmet.material
17:08:05: Ogre::FileNotFoundException::FileNotFoundException: Cannot locate resource glTF2_PBR.material in resource group General. in ResourceGroupManager::openResource at d:\fdi\ig2_18_19\ogre-master\ogremain\src\ogreresourcegroupmanager.cpp (line 698)
17:08:05: Error: ScriptCompiler - unknown error in DamagedHelmet.material(3): base object named "glTF2/PBR" not found in script definition
17:08:05: Parsing script DepthShadowmap.material
17:08:05: Parsing script Dither.material
17:08:05: Parsing script DOF.material
17:08:05: Parsing script DualQuaternion.material
17:08:05: Parsing script Embossed.material
17:08:05: Parsing script Examples-Advanced.material
17:08:05: 'PassthroughFP.glsl' WARNING: 0:1: '' :  #version directive missing


17:08:05: Error: ScriptCompiler - object unsupported by render system in Examples-Advanced.material(941): , Shader name: Examples/TextureArrayPSasm
17:08:05: Parsing script Examples-DynTex.material
17:08:05: Parsing script Examples-Water.material
17:08:05: Parsing script Examples.material
17:08:05: Parsing script facial.material
17:08:05: Parsing script FluidSim.material
17:08:05: Parsing script Glass.material
17:08:05: Parsing script Hair.material
17:08:05: Parsing script Halftone.material
17:08:05: Parsing script hdr.material
17:08:05: 'hdr_downscale2x2luminence.glsl' WARNING: 0:1: '' :  #version directive missing


17:08:05: 'hdr_downscale3x3.glsl' WARNING: 0:1: '' :  #version directive missing


17:08:05: 'hdr_tonemap_util.glsl' WARNING: 0:1: '' :  #version directive missing


17:08:05: 'hdr_downscale3x3brightpass.glsl' WARNING: 0:1: '' :  #version directive missing


17:08:05: 'hdr_bloom.glsl' WARNING: 0:1: '' :  #version directive missing


17:08:05: 'hdr_finalToneMapping.glsl' WARNING: 0:1: '' :  #version directive missing


17:08:05: Parsing script HeatVision.material
17:08:05: Parsing script Hurt.material
17:08:05: Parsing script HWInstancing.material
17:08:05: Parsing script HW_VTFInstancing.material
17:08:05: Parsing script HW_VTF_LUTInstancing.material
17:08:05: Parsing script IG2App.material
17:08:05: Parsing script instancing.material
17:08:05: 'instancingVp.glsl' WARNING: 0:1: '' :  #version directive missing


17:08:05: 'instancingVp.glsl' WARNING: 0:1: '' :  #version directive missing


17:08:05: Parsing script InstancingMisc.material
17:08:05: Parsing script Invert.material
17:08:05: Parsing script Island.material
17:08:05: Parsing script IsoSurf.material
17:08:05: Parsing script Laplace.material
17:08:05: Parsing script MotionBlur.material
17:08:05: Parsing script MRTtest.material
17:08:05: 'mrttestfp_scene.glsl' WARNING: 0:3: '' :  #version directive missing


17:08:05: 'mrttestfp_quad.glsl' WARNING: 0:1: '' :  #version directive missing


17:08:05: Parsing script NightVision.material
17:08:05: Parsing script Ocean.material
17:08:05: 'oceanGLSL.vert' WARNING: 0:10: '' :  #version directive missing


17:08:06: 'oceanGLSL.frag' WARNING: 0:10: '' :  #version directive missing


17:08:06: 'Ocean2GLSL.vert' WARNING: 0:22: '' :  #version directive missing


17:08:06: 'Ocean2GLSL.frag' WARNING: 0:23: '' :  #version directive missing


17:08:06: Parsing script OffsetMapping.material
17:08:06: Error: ScriptCompiler - object unsupported by render system in OffsetMapping.material(35): , Shader name: Examples/OffsetMappingPS/Asm
17:08:06: Parsing script Ogre.material
17:08:06: Parsing script OldMovie.material
17:08:06: Parsing script OldTV.material
17:08:06: Parsing script ParticleGS.material
17:08:06: Parsing script Penguin.material
17:08:06: Parsing script Posterize.material
17:08:06: Parsing script Practica1.material
17:08:06: Parsing script pssm.material
17:08:06: Parsing script RadialBlur.material
17:08:06: Parsing script RasterizationOrder.material
17:08:06: Parsing script RZR-002.material
17:08:06: Parsing script ShaderInstancing.material
17:08:06: Parsing script ShaderSystem.material
17:08:06: Parsing script shadows.material
17:08:06: Parsing script SharpenEdges.material
17:08:06: Parsing script sibenik.material
17:08:06: Parsing script smoke.material
17:08:06: Parsing script Swizzle.material
17:08:06: 'PassthroughVP.glsl' WARNING: 0:1: '' :  #version directive missing


17:08:06: 'PassthroughFP.glsl' WARNING: 0:1: '' :  #version directive missing


17:08:06: Parsing script TerrainTessellation.material
17:08:06: Parsing script Tessellation.material
17:08:06: Parsing script Tiling.material
17:08:06: Parsing script VarianceShadowmap.material
17:08:06: Parsing script VTFInstancing.material
17:08:06: Parsing script CreaseShading.material
17:08:06: Parsing script Crytek.material
17:08:06: Parsing script GBuffer.material
17:08:06: Parsing script HemisphereMC.material
17:08:06: Parsing script HorizonBased.material
17:08:06: Parsing script Modulate.material
17:08:06: Parsing script ShowDepth.material
17:08:06: Parsing script ShowNormals.material
17:08:06: Parsing script ShowViewPos.material
17:08:06: Parsing script SSAOPost.material
17:08:06: Parsing script UnsharpMask.material
17:08:06: Parsing script Volumetric.material
17:08:06: Parsing script Sinbad.material
17:08:06: Parsing script RomanBath.material
17:08:06: Parsing script DualQuaternionSkinning_Shadow.material
17:08:06: Parsing script HardwareSkinningShadow.material
17:08:06: Parsing script RTShaderSystem.material
17:08:06: Parsing script TriplanarTexturing.material
17:08:06: Parsing script emitted_emitter.particle
17:08:06: Texture: flare.png: Loading 1 faces(PF_B8G8R8,256x256x1) with 8 hardware generated mipmaps from Image. Internal format is PF_B8G8R8,256x256x1.
17:08:06: Parsing script Examples-Water.particle
17:08:06: Texture: basic_droplet.png: Loading 1 faces(PF_B8G8R8,64x64x1) with 6 hardware generated mipmaps from Image. Internal format is PF_B8G8R8,64x64x1.
17:08:06: Parsing script Examples.particle
17:08:06: Texture: flaretrail.png: Loading 1 faces(PF_B8G8R8,128x128x1) with 7 hardware generated mipmaps from Image. Internal format is PF_B8G8R8,128x128x1.
17:08:06: Texture: aureola.png: Loading 1 faces(PF_BYTE_LA,256x256x1) with 8 hardware generated mipmaps from Image. Internal format is PF_BYTE_LA,256x256x1.
17:08:06: Parsing script IG2App.particle
17:08:07: Error: ScriptCompiler - invalid parameters in IG2App.particle(7)
17:08:07: Texture: smoke.png: Loading 1 faces(PF_A8B8G8R8,256x256x1) with 8 hardware generated mipmaps from Image. Internal format is PF_A8B8G8R8,256x256x1.
17:08:07: Error: ScriptCompiler - invalid parameters in IG2App.particle(53)
17:08:07: Parsing script smoke.particle
17:08:07: Parsing script Examples.compositor
17:08:07: Parsing script SSAO.compositor
17:08:07: Parsing script SSAOPost.compositor
17:08:07: Finished parsing scripts for resource group General
17:08:07: Creating resources for group General
17:08:07: All done
17:08:07: Parsing scripts for resource group OgreAutodetect
17:08:07: Finished parsing scripts for resource group OgreAutodetect
17:08:07: Creating resources for group OgreAutodetect
17:08:07: All done
17:08:07: Parsing scripts for resource group OgreInternal
17:08:07: Finished parsing scripts for resource group OgreInternal
17:08:07: Creating resources for group OgreInternal
17:08:07: All done
17:08:07: Texture: Water02.jpg: Loading 1 faces(PF_B8G8R8,512x512x1) with 9 hardware generated mipmaps from Image. Internal format is PF_B8G8R8,512x512x1.
17:08:07: Mesh: Loading Barrel.mesh.
17:08:07: Texture: RustyBarrel.png: Loading 1 faces(PF_B8G8R8,256x256x1) with 8 hardware generated mipmaps from Image. Internal format is PF_B8G8R8,256x256x1.
17:08:07: Texture: BumpyMetal.jpg: Loading 1 faces(PF_B8G8R8,512x512x1) with 9 hardware generated mipmaps from Image. Internal format is PF_B8G8R8,512x512x1.
17:08:07: Mesh: Loading cube.mesh.
17:08:07: Texture: floor_diffuse.PNG: Loading 1 faces(PF_B8G8R8,512x512x1) with 9 hardware generated mipmaps from Image. Internal format is PF_B8G8R8,512x512x1.
17:08:07: Mesh: Loading sphere.mesh.
17:08:07: Mesh: Loading Sinbad.mesh.
17:08:07: Skeleton: Loading Sinbad.skeleton
17:08:07: Texture: sinbad_body.tga: Loading 1 faces(PF_B8G8R8,512x512x1) with 9 hardware generated mipmaps from Image. Internal format is PF_B8G8R8,512x512x1.
17:08:07: Texture: sinbad_clothes.tga: Loading 1 faces(PF_B8G8R8,512x512x1) with 9 hardware generated mipmaps from Image. Internal format is PF_B8G8R8,512x512x1.
17:08:07: Texture: sinbad_sword.tga: Loading 1 faces(PF_B8G8R8,256x256x1) with 8 hardware generated mipmaps from Image. Internal format is PF_B8G8R8,256x256x1.
17:08:07: Warning: the mesh 'Sinbad.mesh' includes vertices with more than 4 bone assignments. The lowest weighted assignments beyond this limit have been removed, so your animation may look slightly different. To eliminate this, reduce the number of bone assignments per vertex on your mesh to 4.
17:08:07: Mesh: Loading Sword.mesh.
17:08:07: Texture: checker.png: Loading 1 faces(PF_B8G8R8,128x128x1) with 7 hardware generated mipmaps from Image. Internal format is PF_B8G8R8,128x128x1.
17:08:07: Mesh: Loading ninja.mesh.
17:08:07: Skeleton: Loading ninja.skeleton
17:08:07: Ogre::FileNotFoundException::FileNotFoundException: Cannot locate resource ninja.skeleton in resource group General. in ResourceGroupManager::openResource at d:\fdi\ig2_18_19\ogre-master\ogremain\src\ogreresourcegroupmanager.cpp (line 698)
17:08:07: Error: Unable to load skeleton 'ninja.skeleton' for Mesh 'ninja.mesh'. This Mesh will not be animated. You can ignore this message if you are using an offline tool.
17:08:07: Texture: nskingr.jpg: Loading 1 faces(PF_B8G8R8,512x512x1) with 9 hardware generated mipmaps from Image. Internal format is PF_B8G8R8,512x512x1.
17:08:07: Texture: 10points.png: Loading 1 faces(PF_A8B8G8R8,256x256x1) with 8 hardware generated mipmaps from Image. Internal format is PF_A8B8G8R8,256x256x1.
17:08:07: Texture: spotlight_image.png: Loading 1 faces(PF_B8G8R8,128x128x1) with 7 hardware generated mipmaps from Image. Internal format is PF_B8G8R8,128x128x1.
17:08:07: 'Ogre/ShadowExtrudePointLight' WARNING: 0:2: '' :  #version directive missing


17:08:07: 'Ogre/ShadowExtrudeDirLight' WARNING: 0:2: '' :  #version directive missing


17:08:07: 'Ogre/ShadowExtrudePointLightFinite' WARNING: 0:2: '' :  #version directive missing


17:08:07: 'Ogre/ShadowExtrudeDirLightFinite' WARNING: 0:2: '' :  #version directive missing


17:08:07: 'Ogre/ShadowBlendVP' WARNING: 0:1: '' :  #version directive missing


17:08:07: 'Ogre/ShadowBlendFP' WARNING: 0:1: '' :  #version directive missing


17:08:07: 'Ogre/ShadowFrgProgram' WARNING: 0:1: '' :  #version directive missing


17:08:07: Texture: spot_shadow_fade.png: Loading 1 faces(PF_B8G8R8,128x128x1) with 7 hardware generated mipmaps from Image. Internal format is PF_B8G8R8,128x128x1.
17:08:07: Font SdkTrays/Caption using texture size 256x256
17:08:07: Texture: SdkTrays/CaptionTexture: Loading 1 faces(PF_BYTE_LA,256x256x1) Internal format is PF_BYTE_LA,256x256x1.
17:08:07: Font SdkTrays/Value using texture size 512x256
17:08:07: Texture: SdkTrays/ValueTexture: Loading 1 faces(PF_BYTE_LA,512x256x1) Internal format is PF_BYTE_LA,512x256x1.
17:09:37: Unregistering ResourceManager for type Font
17:09:37: DefaultWorkQueue('Root') shutting down on thread 4444.
17:09:37: DefaultWorkQueue('Root')::WorkerFunc - thread 1508 stopped.
17:09:37: DefaultWorkQueue('Root')::WorkerFunc - thread 22460 stopped.
17:09:37: DefaultWorkQueue('Root')::WorkerFunc - thread 24384 stopped.
17:09:37: DefaultWorkQueue('Root')::WorkerFunc - thread 14924 stopped.
17:09:37: DefaultWorkQueue('Root')::WorkerFunc - thread 7380 stopped.
17:09:37: DefaultWorkQueue('Root')::WorkerFunc - thread 8444 stopped.
17:09:37: DefaultWorkQueue('Root')::WorkerFunc - thread 19616 stopped.
17:09:37: DefaultWorkQueue('Root')::WorkerFunc - thread 26440 stopped.
17:09:37: PCZone Factory Type 'ZoneType_Octree' unregistered
17:09:37: *-*-* OGRE Shutdown
17:09:37: Unregistering ResourceManager for type Compositor
17:09:37: Uninstalling plugin: Octree Scene Manager
17:09:37: Plugin successfully uninstalled
17:09:37: Unloading library C:/Users/forev/OneDrive/Desktop/IG2Papi/IG2/ProyectosOGREvc15x86/bin/.\Plugin_OctreeSceneManager
17:09:37: Uninstalling plugin: Octree Zone Factory
17:09:37: Plugin successfully uninstalled
17:09:37: Unloading library C:/Users/forev/OneDrive/Desktop/IG2Papi/IG2/ProyectosOGREvc15x86/bin/.\Plugin_OctreeZone
17:09:37: Uninstalling plugin: Portal Connected Zone Scene Manager
17:09:37: Plugin successfully uninstalled
17:09:37: Unloading library C:/Users/forev/OneDrive/Desktop/IG2Papi/IG2/ProyectosOGREvc15x86/bin/.\Plugin_PCZSceneManager
17:09:37: Unloading library C:/Users/forev/OneDrive/Desktop/IG2Papi/IG2/ProyectosOGREvc15x86/bin/.\Codec_STBI
17:09:37: Uninstalling plugin: BSP Scene Manager
17:09:37: Plugin successfully uninstalled
17:09:37: Unloading library C:/Users/forev/OneDrive/Desktop/IG2Papi/IG2/ProyectosOGREvc15x86/bin/.\Plugin_BSPSceneManager
17:09:37: Uninstalling plugin: ParticleFX
17:09:37: Plugin successfully uninstalled
17:09:37: Unloading library C:/Users/forev/OneDrive/Desktop/IG2Papi/IG2/ProyectosOGREvc15x86/bin/.\Plugin_ParticleFX
17:09:37: Uninstalling plugin: GL 3+ RenderSystem
17:09:37: *** Stopping Win32GL Subsystem ***
17:09:37: Plugin successfully uninstalled
17:09:37: Unloading library C:/Users/forev/OneDrive/Desktop/IG2Papi/IG2/ProyectosOGREvc15x86/bin/.\RenderSystem_GL3Plus
17:09:37: Uninstalling plugin: GL RenderSystem
17:09:37: Unregistering ResourceManager for type GpuProgram
17:09:37: *** Stopping Win32GL Subsystem ***
17:09:37: Unregistering ResourceManager for type Texture
17:09:37: Plugin successfully uninstalled
17:09:37: Unloading library C:/Users/forev/OneDrive/Desktop/IG2Papi/IG2/ProyectosOGREvc15x86/bin/.\RenderSystem_GL
17:09:37: Unregistering ResourceManager for type Skeleton
17:09:37: Unregistering ResourceManager for type Mesh
17:09:37: Unregistering ResourceManager for type HighLevelGpuProgram
17:09:37: Unregistering ResourceManager for type Material
