c:\users\anass\desktop\ig2\ig2papi\ig2\proyectosogrevc15x86\ig2app\release\vc142.pdb
c:\users\anass\desktop\ig2\ig2papi\ig2\proyectosogrevc15x86\ig2app\release\ig2app.obj
c:\users\anass\desktop\ig2\ig2papi\ig2\proyectosogrevc15x86\ig2app\release\ig2main.obj
c:\users\anass\desktop\ig2\ig2papi\ig2\proyectosogrevc15x86\ig2app\release\ig2applicationcontext.obj
c:\users\anass\desktop\ig2\ig2papi\ig2\proyectosogrevc15x86\ig2app\release\entidadig.obj
c:\users\anass\desktop\ig2\ig2papi\ig2\proyectosogrevc15x86\bin\ig2apprelease.ipdb
c:\users\anass\desktop\ig2\ig2papi\ig2\proyectosogrevc15x86\bin\ig2apprelease.iobj
c:\users\anass\desktop\ig2\ig2papi\ig2\proyectosogrevc15x86\bin\ig2apprelease.exe
c:\users\anass\desktop\ig2\ig2papi\ig2\proyectosogrevc15x86\bin\ig2apprelease.pdb
c:\users\anass\desktop\ig2\ig2papi\ig2\proyectosogrevc15x86\ig2app\release\aspa.obj
c:\users\anass\desktop\ig2\ig2papi\ig2\proyectosogrevc15x86\ig2app\release\aspasmolino.obj
c:\users\anass\desktop\ig2\ig2papi\ig2\proyectosogrevc15x86\ig2app\release\avion.obj
c:\users\anass\desktop\ig2\ig2papi\ig2\proyectosogrevc15x86\ig2app\release\molino.obj
c:\users\anass\desktop\ig2\ig2papi\ig2\proyectosogrevc15x86\ig2app\release\plano.obj
c:\users\anass\desktop\ig2\ig2papi\ig2\proyectosogrevc15x86\ig2app\release\simbad.obj
c:\users\anass\desktop\ig2\ig2papi\ig2\proyectosogrevc15x86\ig2app\release\ig2app.tlog\cl.command.1.tlog
c:\users\anass\desktop\ig2\ig2papi\ig2\proyectosogrevc15x86\ig2app\release\ig2app.tlog\cl.read.1.tlog
c:\users\anass\desktop\ig2\ig2papi\ig2\proyectosogrevc15x86\ig2app\release\ig2app.tlog\cl.write.1.tlog
c:\users\anass\desktop\ig2\ig2papi\ig2\proyectosogrevc15x86\ig2app\release\ig2app.tlog\ig2app.write.1u.tlog
c:\users\anass\desktop\ig2\ig2papi\ig2\proyectosogrevc15x86\ig2app\release\ig2app.tlog\link.command.1.tlog
c:\users\anass\desktop\ig2\ig2papi\ig2\proyectosogrevc15x86\ig2app\release\ig2app.tlog\link.read.1.tlog
c:\users\anass\desktop\ig2\ig2papi\ig2\proyectosogrevc15x86\ig2app\release\ig2app.tlog\link.write.1.tlog
